[H[2J[3J[H[2J[3J[H[2J[3J[H[2J[3J[H[2J[3J[H[2J[3J[H[2J[3J[H[2J[3J[H[2J[3J[H[2J[3J[H[2J[3J[H[2J[3J[H[2J[3J[H[2J[3J[H[2J[3J[H[2J[3J[H[2J[3J[H[2J[3J[H[2J[3J[H[2J[3J[H[2J[3J[H[2J[3J[H[2J[3J[H[2J[3J[H[2J[3J[H[2J[3J[H[2J[3J[H[2J[3J[H[2J[3J[H[2J[3J[H[2J[3J[H[2J[3J[H[2J[3J[H[2J[3J[H[2J[3J[H[2J[3J[H[2J[3J[H[2J[3J[H[2J[3J[H[2J[3J[H[2J[3J[H[2J[3J[H[2J[3J[H[2J[3J[H[2J[3J[H[2J[3J[H[2J[3J[H[2J[3J[H[2J[3J[H[2J[3J[H[2J[3J[H[2J[3J[H[2J[3J[H[2J[3J[H[2J[3J[H[2J[3J[H[2J[3J[H[2J[3J[H[2J[3J[H[2J[3J[H[2J[3J[H[2J[3J[H[2J[3J[H[2J[3J[H[2J[3J[H[2J[3J[H[2J[3J=== SYSTEM DASHBOARD ===

CPU     : 0.0%
RAM     : 11.1%
DISK    : 0.5%
UPTIME  : 1778852998.2131407

Press ctrl+C to quit
=== SYSTEM DASHBOARD ===

CPU     : 0.6%
RAM     : 11.1%
DISK    : 0.5%
UPTIME  : 1778852999.2143352

Press ctrl+C to quit
=== SYSTEM DASHBOARD ===

CPU     : 0.4%
RAM     : 11.1%
DISK    : 0.5%
UPTIME  : 1778853000.2157125

Press ctrl+C to quit
=== SYSTEM DASHBOARD ===

CPU     : 1.4%
RAM     : 11.1%
DISK    : 0.5%
UPTIME  : 1778853001.2173746

Press ctrl+C to quit
=== SYSTEM DASHBOARD ===

CPU     : 0.1%
RAM     : 11.1%
DISK    : 0.5%
UPTIME  : 1778853002.2190173

Press ctrl+C to quit
=== SYSTEM DASHBOARD ===

CPU     : 0.5%
RAM     : 11.1%
DISK    : 0.5%
UPTIME  : 1778853003.2206366

Press ctrl+C to quit
=== SYSTEM DASHBOARD ===

CPU     : 0.3%
RAM     : 11.1%
DISK    : 0.5%
UPTIME  : 1778853004.223226

Press ctrl+C to quit
=== SYSTEM DASHBOARD ===

CPU     : 0.5%
RAM     : 11.1%
DISK    : 0.5%
UPTIME  : 1778853005.2248385

Press ctrl+C to quit
=== SYSTEM DASHBOARD ===

CPU     : 0.2%
RAM     : 11.1%
DISK    : 0.5%
UPTIME  : 1778853006.2264097

Press ctrl+C to quit
=== SYSTEM DASHBOARD ===

CPU     : 0.7%
RAM     : 11.1%
DISK    : 0.5%
UPTIME  : 1778853007.2279165

Press ctrl+C to quit
=== SYSTEM DASHBOARD ===

CPU     : 0.9%
RAM     : 11.0%
DISK    : 0.5%
UPTIME  : 1778853008.2296345

Press ctrl+C to quit
=== SYSTEM DASHBOARD ===

CPU     : 2.3%
RAM     : 11.0%
DISK    : 0.5%
UPTIME  : 1778853009.2313468

Press ctrl+C to quit
=== SYSTEM DASHBOARD ===

CPU     : 0.4%
RAM     : 11.0%
DISK    : 0.5%
UPTIME  : 1778853010.2328632

Press ctrl+C to quit
=== SYSTEM DASHBOARD ===

CPU     : 0.7%
RAM     : 11.0%
DISK    : 0.5%
UPTIME  : 1778853011.234594

Press ctrl+C to quit
=== SYSTEM DASHBOARD ===

CPU     : 0.5%
RAM     : 11.0%
DISK    : 0.5%
UPTIME  : 1778853012.236489

Press ctrl+C to quit
=== SYSTEM DASHBOARD ===

CPU     : 0.5%
RAM     : 11.0%
DISK    : 0.5%
UPTIME  : 1778853013.2380774

Press ctrl+C to quit
=== SYSTEM DASHBOARD ===

CPU     : 0.4%
RAM     : 11.0%
DISK    : 0.5%
UPTIME  : 1778853014.2399054

Press ctrl+C to quit
=== SYSTEM DASHBOARD ===

CPU     : 0.9%
RAM     : 11.0%
DISK    : 0.5%
UPTIME  : 1778853015.241466

Press ctrl+C to quit
=== SYSTEM DASHBOARD ===

CPU     : 0.2%
RAM     : 11.0%
DISK    : 0.5%
UPTIME  : 1778853016.243368

Press ctrl+C to quit
=== SYSTEM DASHBOARD ===

CPU     : 0.7%
RAM     : 11.0%
DISK    : 0.5%
UPTIME  : 1778853017.245052

Press ctrl+C to quit
=== SYSTEM DASHBOARD ===

CPU     : 0.3%
RAM     : 11.0%
DISK    : 0.5%
UPTIME  : 1778853018.2467587

Press ctrl+C to quit
=== SYSTEM DASHBOARD ===

CPU     : 0.4%
RAM     : 11.1%
DISK    : 0.5%
UPTIME  : 1778853019.2484531

Press ctrl+C to quit
=== SYSTEM DASHBOARD ===

CPU     : 0.3%
RAM     : 11.1%
DISK    : 0.5%
UPTIME  : 1778853020.2501926

Press ctrl+C to quit
=== SYSTEM DASHBOARD ===

CPU     : 0.5%
RAM     : 11.1%
DISK    : 0.5%
UPTIME  : 1778853021.2516878

Press ctrl+C to quit
=== SYSTEM DASHBOARD ===

CPU     : 0.2%
RAM     : 11.1%
DISK    : 0.5%
UPTIME  : 1778853022.2531831

Press ctrl+C to quit
=== SYSTEM DASHBOARD ===

CPU     : 0.3%
RAM     : 11.0%
DISK    : 0.5%
UPTIME  : 1778853023.2546964

Press ctrl+C to quit
=== SYSTEM DASHBOARD ===

CPU     : 0.2%
RAM     : 11.0%
DISK    : 0.5%
UPTIME  : 1778853024.2562063

Press ctrl+C to quit
=== SYSTEM DASHBOARD ===

CPU     : 0.5%
RAM     : 11.0%
DISK    : 0.5%
UPTIME  : 1778853025.2576888

Press ctrl+C to quit
=== SYSTEM DASHBOARD ===

CPU     : 0.2%
RAM     : 11.0%
DISK    : 0.5%
UPTIME  : 1778853026.2595549

Press ctrl+C to quit
=== SYSTEM DASHBOARD ===

CPU     : 0.7%
RAM     : 11.0%
DISK    : 0.5%
UPTIME  : 1778853027.261126

Press ctrl+C to quit
=== SYSTEM DASHBOARD ===

CPU     : 0.2%
RAM     : 11.0%
DISK    : 0.5%
UPTIME  : 1778853028.2628174

Press ctrl+C to quit
=== SYSTEM DASHBOARD ===

CPU     : 0.5%
RAM     : 11.0%
DISK    : 0.5%
UPTIME  : 1778853029.2648191

Press ctrl+C to quit
=== SYSTEM DASHBOARD ===

CPU     : 0.1%
RAM     : 11.0%
DISK    : 0.5%
UPTIME  : 1778853030.2664418

Press ctrl+C to quit
=== SYSTEM DASHBOARD ===

CPU     : 0.4%
RAM     : 11.0%
DISK    : 0.5%
UPTIME  : 1778853031.2679062

Press ctrl+C to quit
=== SYSTEM DASHBOARD ===

CPU     : 0.2%
RAM     : 11.0%
DISK    : 0.5%
UPTIME  : 1778853032.2697203

Press ctrl+C to quit
=== SYSTEM DASHBOARD ===

CPU     : 0.6%
RAM     : 11.0%
DISK    : 0.5%
UPTIME  : 1778853033.2713342

Press ctrl+C to quit
=== SYSTEM DASHBOARD ===

CPU     : 0.2%
RAM     : 11.0%
DISK    : 0.5%
UPTIME  : 1778853034.2735422

Press ctrl+C to quit
=== SYSTEM DASHBOARD ===

CPU     : 0.5%
RAM     : 11.0%
DISK    : 0.5%
UPTIME  : 1778853035.2751417

Press ctrl+C to quit
=== SYSTEM DASHBOARD ===

CPU     : 0.2%
RAM     : 11.0%
DISK    : 0.5%
UPTIME  : 1778853036.2772532

Press ctrl+C to quit
=== SYSTEM DASHBOARD ===

CPU     : 0.7%
RAM     : 11.0%
DISK    : 0.5%
UPTIME  : 1778853037.2790174

Press ctrl+C to quit
=== SYSTEM DASHBOARD ===

CPU     : 0.0%
RAM     : 11.0%
DISK    : 0.5%
UPTIME  : 1778853038.2805173

Press ctrl+C to quit
=== SYSTEM DASHBOARD ===

CPU     : 0.9%
RAM     : 11.0%
DISK    : 0.5%
UPTIME  : 1778853039.2820888

Press ctrl+C to quit
=== SYSTEM DASHBOARD ===

CPU     : 0.2%
RAM     : 11.0%
DISK    : 0.5%
UPTIME  : 1778853040.283756

Press ctrl+C to quit
=== SYSTEM DASHBOARD ===

CPU     : 0.4%
RAM     : 11.0%
DISK    : 0.5%
UPTIME  : 1778853041.2861161

Press ctrl+C to quit
=== SYSTEM DASHBOARD ===

CPU     : 0.3%
RAM     : 11.0%
DISK    : 0.5%
UPTIME  : 1778853042.287745

Press ctrl+C to quit
=== SYSTEM DASHBOARD ===

CPU     : 0.5%
RAM     : 11.0%
DISK    : 0.5%
UPTIME  : 1778853043.2893493

Press ctrl+C to quit
=== SYSTEM DASHBOARD ===

CPU     : 0.2%
RAM     : 11.0%
DISK    : 0.5%
UPTIME  : 1778853044.2908764

Press ctrl+C to quit
=== SYSTEM DASHBOARD ===

CPU     : 0.6%
RAM     : 11.0%
DISK    : 0.5%
UPTIME  : 1778853045.2923832

Press ctrl+C to quit
=== SYSTEM DASHBOARD ===

CPU     : 0.1%
RAM     : 11.0%
DISK    : 0.5%
UPTIME  : 1778853046.2940753

Press ctrl+C to quit
=== SYSTEM DASHBOARD ===

CPU     : 0.7%
RAM     : 11.0%
DISK    : 0.5%
UPTIME  : 1778853047.2960865

Press ctrl+C to quit
=== SYSTEM DASHBOARD ===

CPU     : 0.0%
RAM     : 11.0%
DISK    : 0.5%
UPTIME  : 1778853048.2983162

Press ctrl+C to quit
=== SYSTEM DASHBOARD ===

CPU     : 0.7%
RAM     : 11.0%
DISK    : 0.5%
UPTIME  : 1778853049.299975

Press ctrl+C to quit
=== SYSTEM DASHBOARD ===

CPU     : 0.0%
RAM     : 11.0%
DISK    : 0.5%
UPTIME  : 1778853050.3015792

Press ctrl+C to quit
=== SYSTEM DASHBOARD ===

CPU     : 0.7%
RAM     : 11.0%
DISK    : 0.5%
UPTIME  : 1778853051.3034942

Press ctrl+C to quit
=== SYSTEM DASHBOARD ===

CPU     : 0.0%
RAM     : 11.0%
DISK    : 0.5%
UPTIME  : 1778853052.3051574

Press ctrl+C to quit
=== SYSTEM DASHBOARD ===

CPU     : 0.4%
RAM     : 11.0%
DISK    : 0.5%
UPTIME  : 1778853053.3072648

Press ctrl+C to quit
=== SYSTEM DASHBOARD ===

CPU     : 0.2%
RAM     : 11.0%
DISK    : 0.5%
UPTIME  : 1778853054.3088925

Press ctrl+C to quit
=== SYSTEM DASHBOARD ===

CPU     : 0.3%
RAM     : 11.0%
DISK    : 0.5%
UPTIME  : 1778853055.3101456

Press ctrl+C to quit
=== SYSTEM DASHBOARD ===

CPU     : 0.6%
RAM     : 11.0%
DISK    : 0.5%
UPTIME  : 1778853056.3120165

Press ctrl+C to quit
=== SYSTEM DASHBOARD ===

CPU     : 0.3%
RAM     : 11.0%
DISK    : 0.5%
UPTIME  : 1778853057.3139908

Press ctrl+C to quit
=== SYSTEM DASHBOARD ===

CPU     : 0.7%
RAM     : 11.0%
DISK    : 0.5%
UPTIME  : 1778853058.3156917

Press ctrl+C to quit
=== SYSTEM DASHBOARD ===

CPU     : 0.2%
RAM     : 11.0%
DISK    : 0.5%
UPTIME  : 1778853059.317222

Press ctrl+C to quit
=== SYSTEM DASHBOARD ===

CPU     : 0.7%
RAM     : 11.0%
DISK    : 0.5%
UPTIME  : 1778853060.3190339

Press ctrl+C to quit
=== SYSTEM DASHBOARD ===

CPU     : 0.2%
RAM     : 11.0%
DISK    : 0.5%
UPTIME  : 1778853061.3205864

Press ctrl+C to quit
=== SYSTEM DASHBOARD ===

CPU     : 0.6%
RAM     : 11.0%
DISK    : 0.5%
UPTIME  : 1778853062.32228

Press ctrl+C to quit
=== SYSTEM DASHBOARD ===

CPU     : 0.1%
RAM     : 11.0%
DISK    : 0.5%
UPTIME  : 1778853063.3238344

Press ctrl+C to quit
=== SYSTEM DASHBOARD ===

CPU     : 0.5%
RAM     : 11.0%
DISK    : 0.5%
UPTIME  : 1778853064.3256395[H[2J[3J[H[2J[3J[H[2J[3J[H[2J[3J[H[2J[3J[H[2J[3J[H[2J[3J[H[2J[3J[H[2J[3J[H[2J[3J[H[2J[3J[H[2J[3J[H[2J[3JH[2J[3J[H[2J[3J[H[2J[3J[H[2J[3J